# JRE version: OpenJDK Runtime Environment (21.0.4) (build 21.0.4+-12508038-b607.1)
# Java VM: OpenJDK 64-Bit Server VM (21.0.4+-12508038-b607.1, mixed mode, tiered, compressed oops, compressed class ptrs, g1 gc, windows-amd64)
GC Precious Log:
 CardTable entry size: 512
 Card Set container configuration: InlinePtr #cards 5 size 8 Array Of Cards #cards 12 size 40 Howl #buckets 4 coarsen threshold 1843 Howl Bitmap #cards 512 size 80 coarsen threshold 460 Card regions per heap region 1 cards per card region 2048
 CPUs: 12 total, 12 available
 Memory: 7886M
 Large Page Support: Disabled
 NUMA Support: Disabled
 Compressed Oops: Enabled (32-bit)
 Heap Region Size: 1M
 Heap Min Capacity: 8M
 Heap Initial Capacity: 124M
 Heap Max Capacity: 2G
 Pre-touch: Disabled
 Parallel Workers: 10
 Concurrent Workers: 3
 Concurrent Refinement Workers: 10
 Periodic GC: Disabled
Heap:
 garbage-first heap   total 100352K, used 62458K [0x0000000080000000, 0x0000000100000000)
  region size 1024K, 28 young (28672K), 4 survivors (4096K)
 Metaspace       used 62187K, committed 63744K, reserved 1114112K
  class space    used 8511K, committed 9280K, reserved 1048576K
GC Heap History (20 events):
Event: 0.974 GC heap before
{Heap before GC invocations=1 (full 0):
 garbage-first heap   total 126976K, used 41616K [0x0000000080000000, 0x0000000100000000)
  region size 1024K, 35 young (35840K), 3 survivors (3072K)
 Metaspace       used 12144K, committed 12352K, reserved 1114112K
  class space    used 1278K, committed 1408K, reserved 1048576K
}
Event: 0.982 GC heap after
{Heap after GC invocations=2 (full 0):
 garbage-first heap   total 126976K, used 12544K [0x0000000080000000, 0x0000000100000000)
  region size 1024K, 4 young (4096K), 4 survivors (4096K)
 Metaspace       used 12144K, committed 12352K, reserved 1114112K
  class space    used 1278K, committed 1408K, reserved 1048576K
}
Event: 1.904 GC heap before
{Heap before GC invocations=2 (full 0):
 garbage-first heap   total 126976K, used 59648K [0x0000000080000000, 0x0000000100000000)
  region size 1024K, 48 young (49152K), 4 survivors (4096K)
 Metaspace       used 14247K, committed 14528K, reserved 1114112K
  class space    used 1566K, committed 1728K, reserved 1048576K
}
Event: 1.915 GC heap after
{Heap after GC invocations=3 (full 0):
 garbage-first heap   total 126976K, used 18413K [0x0000000080000000, 0x0000000100000000)
  region size 1024K, 6 young (6144K), 6 survivors (6144K)
 Metaspace       used 14247K, committed 14528K, reserved 1114112K
  class space    used 1566K, committed 1728K, reserved 1048576K
}
Event: 3.829 GC heap before
{Heap before GC invocations=3 (full 0):
 garbage-first heap   total 126976K, used 40941K [0x0000000080000000, 0x0000000100000000)
  region size 1024K, 29 young (29696K), 6 survivors (6144K)
 Metaspace       used 21193K, committed 21504K, reserved 1114112K
  class space    used 2446K, committed 2624K, reserved 1048576K
}
Event: 3.836 GC heap after
{Heap after GC invocations=4 (full 0):
 garbage-first heap   total 126976K, used 21980K [0x0000000080000000, 0x0000000100000000)
  region size 1024K, 8 young (8192K), 8 survivors (8192K)
 Metaspace       used 21193K, committed 21504K, reserved 1114112K
  class space    used 2446K, committed 2624K, reserved 1048576K
}
Event: 5.298 GC heap before
{Heap before GC invocations=5 (full 0):
 garbage-first heap   total 78848K, used 76252K [0x0000000080000000, 0x0000000100000000)
  region size 1024K, 62 young (63488K), 8 survivors (8192K)
 Metaspace       used 30097K, committed 30720K, reserved 1114112K
  class space    used 3862K, committed 4160K, reserved 1048576K
}
Event: 5.308 GC heap after
{Heap after GC invocations=6 (full 0):
 garbage-first heap   total 109568K, used 24975K [0x0000000080000000, 0x0000000100000000)
  region size 1024K, 7 young (7168K), 7 survivors (7168K)
 Metaspace       used 30097K, committed 30720K, reserved 1114112K
  class space    used 3862K, committed 4160K, reserved 1048576K
}
Event: 5.877 GC heap before
{Heap before GC invocations=6 (full 0):
 garbage-first heap   total 109568K, used 60815K [0x0000000080000000, 0x0000000100000000)
  region size 1024K, 43 young (44032K), 7 survivors (7168K)
 Metaspace       used 35131K, committed 35968K, reserved 1114112K
  class space    used 4699K, committed 5120K, reserved 1048576K
}
Event: 5.883 GC heap after
{Heap after GC invocations=7 (full 0):
 garbage-first heap   total 109568K, used 27519K [0x0000000080000000, 0x0000000100000000)
  region size 1024K, 6 young (6144K), 6 survivors (6144K)
 Metaspace       used 35131K, committed 35968K, reserved 1114112K
  class space    used 4699K, committed 5120K, reserved 1048576K
}
Event: 5.919 GC heap before
{Heap before GC invocations=7 (full 0):
 garbage-first heap   total 109568K, used 29567K [0x0000000080000000, 0x0000000100000000)
  region size 1024K, 9 young (9216K), 6 survivors (6144K)
 Metaspace       used 35443K, committed 36288K, reserved 1114112K
  class space    used 4750K, committed 5184K, reserved 1048576K
}
Event: 5.923 GC heap after
{Heap after GC invocations=8 (full 0):
 garbage-first heap   total 109568K, used 27600K [0x0000000080000000, 0x0000000100000000)
  region size 1024K, 3 young (3072K), 3 survivors (3072K)
 Metaspace       used 35443K, committed 36288K, reserved 1114112K
  class space    used 4750K, committed 5184K, reserved 1048576K
}
Event: 6.592 GC heap before
{Heap before GC invocations=9 (full 0):
 garbage-first heap   total 96256K, used 89040K [0x0000000080000000, 0x0000000100000000)
  region size 1024K, 64 young (65536K), 3 survivors (3072K)
 Metaspace       used 45472K, committed 46592K, reserved 1114112K
  class space    used 6048K, committed 6592K, reserved 1048576K
}
Event: 6.600 GC heap after
{Heap after GC invocations=10 (full 0):
 garbage-first heap   total 100352K, used 33479K [0x0000000080000000, 0x0000000100000000)
  region size 1024K, 8 young (8192K), 8 survivors (8192K)
 Metaspace       used 45472K, committed 46592K, reserved 1114112K
  class space    used 6048K, committed 6592K, reserved 1048576K
}
Event: 6.910 GC heap before
{Heap before GC invocations=10 (full 0):
 garbage-first heap   total 100352K, used 84679K [0x0000000080000000, 0x0000000100000000)
  region size 1024K, 58 young (59392K), 8 survivors (8192K)
 Metaspace       used 47981K, committed 49344K, reserved 1114112K
  class space    used 6446K, committed 7168K, reserved 1048576K
}
Event: 6.918 GC heap after
{Heap after GC invocations=11 (full 0):
 garbage-first heap   total 100352K, used 35658K [0x0000000080000000, 0x0000000100000000)
  region size 1024K, 4 young (4096K), 4 survivors (4096K)
 Metaspace       used 47981K, committed 49344K, reserved 1114112K
  class space    used 6446K, committed 7168K, reserved 1048576K
}
Event: 7.622 GC heap before
{Heap before GC invocations=11 (full 0):
 garbage-first heap   total 100352K, used 86858K [0x0000000080000000, 0x0000000100000000)
  region size 1024K, 53 young (54272K), 4 survivors (4096K)
 Metaspace       used 55342K, committed 56832K, reserved 1114112K
  class space    used 7445K, committed 8192K, reserved 1048576K
}
Event: 7.625 GC heap after
{Heap after GC invocations=12 (full 0):
 garbage-first heap   total 100352K, used 37357K [0x0000000080000000, 0x0000000100000000)
  region size 1024K, 5 young (5120K), 5 survivors (5120K)
 Metaspace       used 55342K, committed 56832K, reserved 1114112K
  class space    used 7445K, committed 8192K, reserved 1048576K
}
Event: 7.973 GC heap before
{Heap before GC invocations=12 (full 0):
 garbage-first heap   total 100352K, used 62957K [0x0000000080000000, 0x0000000100000000)
  region size 1024K, 31 young (31744K), 5 survivors (5120K)
 Metaspace       used 59125K, committed 60608K, reserved 1114112K
  class space    used 8000K, committed 8768K, reserved 1048576K
}
Event: 7.977 GC heap after
{Heap after GC invocations=13 (full 0):
 garbage-first heap   total 100352K, used 38906K [0x0000000080000000, 0x0000000100000000)
  region size 1024K, 4 young (4096K), 4 survivors (4096K)
 Metaspace       used 59125K, committed 60608K, reserved 1114112K
  class space    used 8000K, committed 8768K, reserved 1048576K
}

