# JRE version: OpenJDK Runtime Environment (21.0.4) (build 21.0.4+-12508038-b607.1)
# Java VM: OpenJDK 64-Bit Server VM (21.0.4+-12508038-b607.1, mixed mode, tiered, compressed oops, compressed class ptrs, g1 gc, windows-amd64)
GC Precious Log:
 CardTable entry size: 512
 Card Set container configuration: InlinePtr #cards 5 size 8 Array Of Cards #cards 12 size 40 Howl #buckets 4 coarsen threshold 1843 Howl Bitmap #cards 512 size 80 coarsen threshold 460 Card regions per heap region 1 cards per card region 2048
 CPUs: 12 total, 12 available
 Memory: 7886M
 Large Page Support: Disabled
 NUMA Support: Disabled
 Compressed Oops: Enabled (32-bit)
 Heap Region Size: 1M
 Heap Min Capacity: 8M
 Heap Initial Capacity: 124M
 Heap Max Capacity: 2G
 Pre-touch: Disabled
 Parallel Workers: 10
 Concurrent Workers: 3
 Concurrent Refinement Workers: 10
 Periodic GC: Disabled
Heap:
 garbage-first heap   total 104448K, used 55874K [0x0000000080000000, 0x0000000100000000)
  region size 1024K, 9 young (9216K), 4 survivors (4096K)
 Metaspace       used 66985K, committed 68736K, reserved 1114112K
  class space    used 9115K, committed 9984K, reserved 1048576K
GC Heap History (20 events):
Event: 5.491 GC heap before
{Heap before GC invocations=9 (full 0):
 garbage-first heap   total 87040K, used 73544K [0x0000000080000000, 0x0000000100000000)
  region size 1024K, 49 young (50176K), 3 survivors (3072K)
 Metaspace       used 43607K, committed 44800K, reserved 1114112K
  class space    used 5849K, committed 6400K, reserved 1048576K
}
Event: 5.496 GC heap after
{Heap after GC invocations=10 (full 0):
 garbage-first heap   total 87040K, used 30720K [0x0000000080000000, 0x0000000100000000)
  region size 1024K, 6 young (6144K), 6 survivors (6144K)
 Metaspace       used 43607K, committed 44800K, reserved 1114112K
  class space    used 5849K, committed 6400K, reserved 1048576K
}
Event: 5.872 GC heap before
{Heap before GC invocations=10 (full 0):
 garbage-first heap   total 87040K, used 74752K [0x0000000080000000, 0x0000000100000000)
  region size 1024K, 50 young (51200K), 6 survivors (6144K)
 Metaspace       used 46550K, committed 47872K, reserved 1114112K
  class space    used 6233K, committed 6912K, reserved 1048576K
}
Event: 5.878 GC heap after
{Heap after GC invocations=11 (full 0):
 garbage-first heap   total 87040K, used 33806K [0x0000000080000000, 0x0000000100000000)
  region size 1024K, 7 young (7168K), 7 survivors (7168K)
 Metaspace       used 46550K, committed 47872K, reserved 1114112K
  class space    used 6233K, committed 6912K, reserved 1048576K
}
Event: 6.473 GC heap before
{Heap before GC invocations=11 (full 0):
 garbage-first heap   total 87040K, used 73742K [0x0000000080000000, 0x0000000100000000)
  region size 1024K, 46 young (47104K), 7 survivors (7168K)
 Metaspace       used 50372K, committed 51840K, reserved 1114112K
  class space    used 6845K, committed 7616K, reserved 1048576K
}
Event: 6.478 GC heap after
{Heap after GC invocations=12 (full 0):
 garbage-first heap   total 104448K, used 35706K [0x0000000080000000, 0x0000000100000000)
  region size 1024K, 6 young (6144K), 6 survivors (6144K)
 Metaspace       used 50372K, committed 51840K, reserved 1114112K
  class space    used 6845K, committed 7616K, reserved 1048576K
}
Event: 7.134 GC heap before
{Heap before GC invocations=12 (full 0):
 garbage-first heap   total 104448K, used 92026K [0x0000000080000000, 0x0000000100000000)
  region size 1024K, 60 young (61440K), 6 survivors (6144K)
 Metaspace       used 58516K, committed 60032K, reserved 1114112K
  class space    used 7907K, committed 8640K, reserved 1048576K
}
Event: 7.139 GC heap after
{Heap after GC invocations=13 (full 0):
 garbage-first heap   total 104448K, used 38012K [0x0000000080000000, 0x0000000100000000)
  region size 1024K, 5 young (5120K), 5 survivors (5120K)
 Metaspace       used 58516K, committed 60032K, reserved 1114112K
  class space    used 7907K, committed 8640K, reserved 1048576K
}
Event: 7.208 GC heap before
{Heap before GC invocations=13 (full 0):
 garbage-first heap   total 104448K, used 41084K [0x0000000080000000, 0x0000000100000000)
  region size 1024K, 9 young (9216K), 5 survivors (5120K)
 Metaspace       used 59109K, committed 60608K, reserved 1114112K
  class space    used 8005K, committed 8768K, reserved 1048576K
}
Event: 7.212 GC heap after
{Heap after GC invocations=14 (full 0):
 garbage-first heap   total 104448K, used 38279K [0x0000000080000000, 0x0000000100000000)
  region size 1024K, 3 young (3072K), 3 survivors (3072K)
 Metaspace       used 59109K, committed 60608K, reserved 1114112K
  class space    used 8005K, committed 8768K, reserved 1048576K
}
Event: 8.292 GC heap before
{Heap before GC invocations=15 (full 0):
 garbage-first heap   total 104448K, used 94599K [0x0000000080000000, 0x0000000100000000)
  region size 1024K, 58 young (59392K), 3 survivors (3072K)
 Metaspace       used 65294K, committed 67008K, reserved 1114112K
  class space    used 8946K, committed 9792K, reserved 1048576K
}
Event: 8.299 GC heap after
{Heap after GC invocations=16 (full 0):
 garbage-first heap   total 104448K, used 44032K [0x0000000080000000, 0x0000000100000000)
  region size 1024K, 8 young (8192K), 8 survivors (8192K)
 Metaspace       used 65294K, committed 67008K, reserved 1114112K
  class space    used 8946K, committed 9792K, reserved 1048576K
}
Event: 8.772 GC heap before
{Heap before GC invocations=16 (full 0):
 garbage-first heap   total 104448K, used 89088K [0x0000000080000000, 0x0000000100000000)
  region size 1024K, 53 young (54272K), 8 survivors (8192K)
 Metaspace       used 66248K, committed 67968K, reserved 1114112K
  class space    used 9051K, committed 9920K, reserved 1048576K
}
Event: 8.781 GC heap after
{Heap after GC invocations=17 (full 0):
 garbage-first heap   total 104448K, used 47089K [0x0000000080000000, 0x0000000100000000)
  region size 1024K, 5 young (5120K), 5 survivors (5120K)
 Metaspace       used 66248K, committed 67968K, reserved 1114112K
  class space    used 9051K, committed 9920K, reserved 1048576K
}
Event: 9.022 GC heap before
{Heap before GC invocations=17 (full 0):
 garbage-first heap   total 104448K, used 91121K [0x0000000080000000, 0x0000000100000000)
  region size 1024K, 49 young (50176K), 5 survivors (5120K)
 Metaspace       used 66673K, committed 68352K, reserved 1114112K
  class space    used 9078K, committed 9920K, reserved 1048576K
}
Event: 9.026 GC heap after
{Heap after GC invocations=18 (full 0):
 garbage-first heap   total 104448K, used 48416K [0x0000000080000000, 0x0000000100000000)
  region size 1024K, 4 young (4096K), 4 survivors (4096K)
 Metaspace       used 66673K, committed 68352K, reserved 1114112K
  class space    used 9078K, committed 9920K, reserved 1048576K
}
Event: 9.181 GC heap before
{Heap before GC invocations=18 (full 0):
 garbage-first heap   total 104448K, used 91424K [0x0000000080000000, 0x0000000100000000)
  region size 1024K, 47 young (48128K), 4 survivors (4096K)
 Metaspace       used 66754K, committed 68480K, reserved 1114112K
  class space    used 9078K, committed 9920K, reserved 1048576K
}
Event: 9.185 GC heap after
{Heap after GC invocations=19 (full 0):
 garbage-first heap   total 104448K, used 49429K [0x0000000080000000, 0x0000000100000000)
  region size 1024K, 4 young (4096K), 4 survivors (4096K)
 Metaspace       used 66754K, committed 68480K, reserved 1114112K
  class space    used 9078K, committed 9920K, reserved 1048576K
}
Event: 9.864 GC heap before
{Heap before GC invocations=20 (full 0):
 garbage-first heap   total 104448K, used 92437K [0x0000000080000000, 0x0000000100000000)
  region size 1024K, 47 young (48128K), 4 survivors (4096K)
 Metaspace       used 66922K, committed 68608K, reserved 1114112K
  class space    used 9110K, committed 9984K, reserved 1048576K
}
Event: 9.867 GC heap after
{Heap after GC invocations=21 (full 0):
 garbage-first heap   total 104448K, used 50754K [0x0000000080000000, 0x0000000100000000)
  region size 1024K, 4 young (4096K), 4 survivors (4096K)
 Metaspace       used 66922K, committed 68608K, reserved 1114112K
  class space    used 9110K, committed 9984K, reserved 1048576K
}

