# JRE version: OpenJDK Runtime Environment (21.0.4) (build 21.0.4+-12508038-b607.1)
# Java VM: OpenJDK 64-Bit Server VM (21.0.4+-12508038-b607.1, mixed mode, tiered, compressed oops, compressed class ptrs, g1 gc, windows-amd64)
GC Precious Log:
 CardTable entry size: 512
 Card Set container configuration: InlinePtr #cards 5 size 8 Array Of Cards #cards 12 size 40 Howl #buckets 4 coarsen threshold 1843 Howl Bitmap #cards 512 size 80 coarsen threshold 460 Card regions per heap region 1 cards per card region 2048
 CPUs: 12 total, 12 available
 Memory: 7886M
 Large Page Support: Disabled
 NUMA Support: Disabled
 Compressed Oops: Enabled (32-bit)
 Heap Region Size: 1M
 Heap Min Capacity: 8M
 Heap Initial Capacity: 124M
 Heap Max Capacity: 2G
 Pre-touch: Disabled
 Parallel Workers: 10
 Concurrent Workers: 3
 Concurrent Refinement Workers: 10
 Periodic GC: Disabled
Heap:
 garbage-first heap   total 98304K, used 42412K [0x0000000080000000, 0x0000000100000000)
  region size 1024K, 12 young (12288K), 6 survivors (6144K)
 Metaspace       used 55366K, committed 56896K, reserved 1114112K
  class space    used 7448K, committed 8192K, reserved 1048576K
GC Heap History (20 events):
Event: 0.296 GC heap before
{Heap before GC invocations=0 (full 0):
 garbage-first heap   total 126976K, used 22528K [0x0000000080000000, 0x0000000100000000)
  region size 1024K, 23 young (23552K), 0 survivors (0K)
 Metaspace       used 7996K, committed 8128K, reserved 1114112K
  class space    used 712K, committed 768K, reserved 1048576K
}
Event: 0.299 GC heap after
{Heap after GC invocations=1 (full 0):
 garbage-first heap   total 126976K, used 4696K [0x0000000080000000, 0x0000000100000000)
  region size 1024K, 3 young (3072K), 3 survivors (3072K)
 Metaspace       used 7996K, committed 8128K, reserved 1114112K
  class space    used 712K, committed 768K, reserved 1048576K
}
Event: 0.769 GC heap before
{Heap before GC invocations=1 (full 0):
 garbage-first heap   total 126976K, used 41560K [0x0000000080000000, 0x0000000100000000)
  region size 1024K, 35 young (35840K), 3 survivors (3072K)
 Metaspace       used 12107K, committed 12352K, reserved 1114112K
  class space    used 1275K, committed 1408K, reserved 1048576K
}
Event: 0.778 GC heap after
{Heap after GC invocations=2 (full 0):
 garbage-first heap   total 126976K, used 12519K [0x0000000080000000, 0x0000000100000000)
  region size 1024K, 4 young (4096K), 4 survivors (4096K)
 Metaspace       used 12107K, committed 12352K, reserved 1114112K
  class space    used 1275K, committed 1408K, reserved 1048576K
}
Event: 1.531 GC heap before
{Heap before GC invocations=2 (full 0):
 garbage-first heap   total 126976K, used 59623K [0x0000000080000000, 0x0000000100000000)
  region size 1024K, 48 young (49152K), 4 survivors (4096K)
 Metaspace       used 14230K, committed 14464K, reserved 1114112K
  class space    used 1561K, committed 1664K, reserved 1048576K
}
Event: 1.540 GC heap after
{Heap after GC invocations=3 (full 0):
 garbage-first heap   total 126976K, used 18432K [0x0000000080000000, 0x0000000100000000)
  region size 1024K, 6 young (6144K), 6 survivors (6144K)
 Metaspace       used 14230K, committed 14464K, reserved 1114112K
  class space    used 1561K, committed 1664K, reserved 1048576K
}
Event: 2.226 GC heap before
{Heap before GC invocations=3 (full 0):
 garbage-first heap   total 126976K, used 40960K [0x0000000080000000, 0x0000000100000000)
  region size 1024K, 29 young (29696K), 6 survivors (6144K)
 Metaspace       used 21181K, committed 21504K, reserved 1114112K
  class space    used 2441K, committed 2624K, reserved 1048576K
}
Event: 2.232 GC heap after
{Heap after GC invocations=4 (full 0):
 garbage-first heap   total 126976K, used 21917K [0x0000000080000000, 0x0000000100000000)
  region size 1024K, 8 young (8192K), 8 survivors (8192K)
 Metaspace       used 21181K, committed 21504K, reserved 1114112K
  class space    used 2441K, committed 2624K, reserved 1048576K
}
Event: 3.419 GC heap before
{Heap before GC invocations=5 (full 0):
 garbage-first heap   total 78848K, used 77213K [0x0000000080000000, 0x0000000100000000)
  region size 1024K, 62 young (63488K), 8 survivors (8192K)
 Metaspace       used 30114K, committed 30784K, reserved 1114112K
  class space    used 3862K, committed 4160K, reserved 1048576K
}
Event: 3.426 GC heap after
{Heap after GC invocations=6 (full 0):
 garbage-first heap   total 108544K, used 24861K [0x0000000080000000, 0x0000000100000000)
  region size 1024K, 7 young (7168K), 7 survivors (7168K)
 Metaspace       used 30114K, committed 30784K, reserved 1114112K
  class space    used 3862K, committed 4160K, reserved 1048576K
}
Event: 4.093 GC heap before
{Heap before GC invocations=6 (full 0):
 garbage-first heap   total 108544K, used 60701K [0x0000000080000000, 0x0000000100000000)
  region size 1024K, 43 young (44032K), 7 survivors (7168K)
 Metaspace       used 35110K, committed 35968K, reserved 1114112K
  class space    used 4695K, committed 5120K, reserved 1048576K
}
Event: 4.100 GC heap after
{Heap after GC invocations=7 (full 0):
 garbage-first heap   total 108544K, used 27261K [0x0000000080000000, 0x0000000100000000)
  region size 1024K, 6 young (6144K), 6 survivors (6144K)
 Metaspace       used 35110K, committed 35968K, reserved 1114112K
  class space    used 4695K, committed 5120K, reserved 1048576K
}
Event: 4.141 GC heap before
{Heap before GC invocations=7 (full 0):
 garbage-first heap   total 108544K, used 29309K [0x0000000080000000, 0x0000000100000000)
  region size 1024K, 9 young (9216K), 6 survivors (6144K)
 Metaspace       used 35431K, committed 36288K, reserved 1114112K
  class space    used 4749K, committed 5184K, reserved 1048576K
}
Event: 4.145 GC heap after
{Heap after GC invocations=8 (full 0):
 garbage-first heap   total 108544K, used 27637K [0x0000000080000000, 0x0000000100000000)
  region size 1024K, 3 young (3072K), 3 survivors (3072K)
 Metaspace       used 35431K, committed 36288K, reserved 1114112K
  class space    used 4749K, committed 5184K, reserved 1048576K
}
Event: 4.875 GC heap before
{Heap before GC invocations=9 (full 0):
 garbage-first heap   total 96256K, used 88053K [0x0000000080000000, 0x0000000100000000)
  region size 1024K, 63 young (64512K), 3 survivors (3072K)
 Metaspace       used 45438K, committed 46592K, reserved 1114112K
  class space    used 6039K, committed 6592K, reserved 1048576K
}
Event: 4.881 GC heap after
{Heap after GC invocations=10 (full 0):
 garbage-first heap   total 98304K, used 32714K [0x0000000080000000, 0x0000000100000000)
  region size 1024K, 8 young (8192K), 8 survivors (8192K)
 Metaspace       used 45438K, committed 46592K, reserved 1114112K
  class space    used 6039K, committed 6592K, reserved 1048576K
}
Event: 5.204 GC heap before
{Heap before GC invocations=10 (full 0):
 garbage-first heap   total 98304K, used 81866K [0x0000000080000000, 0x0000000100000000)
  region size 1024K, 56 young (57344K), 8 survivors (8192K)
 Metaspace       used 47500K, committed 48768K, reserved 1114112K
  class space    used 6358K, committed 6976K, reserved 1048576K
}
Event: 5.210 GC heap after
{Heap after GC invocations=11 (full 0):
 garbage-first heap   total 98304K, used 35053K [0x0000000080000000, 0x0000000100000000)
  region size 1024K, 4 young (4096K), 4 survivors (4096K)
 Metaspace       used 47500K, committed 48768K, reserved 1114112K
  class space    used 6358K, committed 6976K, reserved 1048576K
}
Event: 6.072 GC heap before
{Heap before GC invocations=11 (full 0):
 garbage-first heap   total 98304K, used 85229K [0x0000000080000000, 0x0000000100000000)
  region size 1024K, 52 young (53248K), 4 survivors (4096K)
 Metaspace       used 54571K, committed 56128K, reserved 1114112K
  class space    used 7348K, committed 8128K, reserved 1048576K
}
Event: 6.077 GC heap after
{Heap after GC invocations=12 (full 0):
 garbage-first heap   total 98304K, used 37292K [0x0000000080000000, 0x0000000100000000)
  region size 1024K, 6 young (6144K), 6 survivors (6144K)
 Metaspace       used 54571K, committed 56128K, reserved 1114112K
  class space    used 7348K, committed 8128K, reserved 1048576K
}

