# JRE version: OpenJDK Runtime Environment (21.0.4) (build 21.0.4+-12508038-b607.1)
# Java VM: OpenJDK 64-Bit Server VM (21.0.4+-12508038-b607.1, mixed mode, tiered, compressed oops, compressed class ptrs, g1 gc, windows-amd64)
GC Precious Log:
 CardTable entry size: 512
 Card Set container configuration: InlinePtr #cards 5 size 8 Array Of Cards #cards 12 size 40 Howl #buckets 4 coarsen threshold 1843 Howl Bitmap #cards 512 size 80 coarsen threshold 460 Card regions per heap region 1 cards per card region 2048
 CPUs: 12 total, 12 available
 Memory: 7886M
 Large Page Support: Disabled
 NUMA Support: Disabled
 Compressed Oops: Enabled (32-bit)
 Heap Region Size: 1M
 Heap Min Capacity: 8M
 Heap Initial Capacity: 124M
 Heap Max Capacity: 2G
 Pre-touch: Disabled
 Parallel Workers: 10
 Concurrent Workers: 3
 Concurrent Refinement Workers: 10
 Periodic GC: Disabled
Heap:
 garbage-first heap   total 135168K, used 90609K [0x0000000080000000, 0x0000000100000000)
  region size 1024K, 26 young (26624K), 8 survivors (8192K)
 Metaspace       used 71794K, committed 73536K, reserved 1114112K
  class space    used 9678K, committed 10560K, reserved 1048576K
GC Heap History (20 events):
Event: 6.617 GC heap before
{Heap before GC invocations=9 (full 0):
 garbage-first heap   total 96256K, used 88857K [0x0000000080000000, 0x0000000100000000)
  region size 1024K, 64 young (65536K), 3 survivors (3072K)
 Metaspace       used 45471K, committed 46656K, reserved 1114112K
  class space    used 6044K, committed 6592K, reserved 1048576K
}
Event: 6.625 GC heap after
{Heap after GC invocations=10 (full 0):
 garbage-first heap   total 100352K, used 33290K [0x0000000080000000, 0x0000000100000000)
  region size 1024K, 8 young (8192K), 8 survivors (8192K)
 Metaspace       used 45471K, committed 46656K, reserved 1114112K
  class space    used 6044K, committed 6592K, reserved 1048576K
}
Event: 8.133 GC heap before
{Heap before GC invocations=10 (full 0):
 garbage-first heap   total 100352K, used 84490K [0x0000000080000000, 0x0000000100000000)
  region size 1024K, 58 young (59392K), 8 survivors (8192K)
 Metaspace       used 47936K, committed 49280K, reserved 1114112K
  class space    used 6437K, committed 7104K, reserved 1048576K
}
Event: 8.138 GC heap after
{Heap after GC invocations=11 (full 0):
 garbage-first heap   total 100352K, used 35671K [0x0000000080000000, 0x0000000100000000)
  region size 1024K, 4 young (4096K), 4 survivors (4096K)
 Metaspace       used 47936K, committed 49280K, reserved 1114112K
  class space    used 6437K, committed 7104K, reserved 1048576K
}
Event: 12.039 GC heap before
{Heap before GC invocations=11 (full 0):
 garbage-first heap   total 100352K, used 86871K [0x0000000080000000, 0x0000000100000000)
  region size 1024K, 53 young (54272K), 4 survivors (4096K)
 Metaspace       used 55193K, committed 56704K, reserved 1114112K
  class space    used 7431K, committed 8192K, reserved 1048576K
}
Event: 12.043 GC heap after
{Heap after GC invocations=12 (full 0):
 garbage-first heap   total 100352K, used 37592K [0x0000000080000000, 0x0000000100000000)
  region size 1024K, 6 young (6144K), 6 survivors (6144K)
 Metaspace       used 55193K, committed 56704K, reserved 1114112K
  class space    used 7431K, committed 8192K, reserved 1048576K
}
Event: 12.426 GC heap before
{Heap before GC invocations=12 (full 0):
 garbage-first heap   total 100352K, used 64216K [0x0000000080000000, 0x0000000100000000)
  region size 1024K, 33 young (33792K), 6 survivors (6144K)
 Metaspace       used 59124K, committed 60608K, reserved 1114112K
  class space    used 8001K, committed 8768K, reserved 1048576K
}
Event: 12.431 GC heap after
{Heap after GC invocations=13 (full 0):
 garbage-first heap   total 100352K, used 38935K [0x0000000080000000, 0x0000000100000000)
  region size 1024K, 4 young (4096K), 4 survivors (4096K)
 Metaspace       used 59124K, committed 60608K, reserved 1114112K
  class space    used 8001K, committed 8768K, reserved 1048576K
}
Event: 13.360 GC heap before
{Heap before GC invocations=14 (full 0):
 garbage-first heap   total 100352K, used 89111K [0x0000000080000000, 0x0000000100000000)
  region size 1024K, 53 young (54272K), 4 survivors (4096K)
 Metaspace       used 65040K, committed 66688K, reserved 1114112K
  class space    used 8912K, committed 9728K, reserved 1048576K
}
Event: 13.366 GC heap after
{Heap after GC invocations=15 (full 0):
 garbage-first heap   total 100352K, used 42834K [0x0000000080000000, 0x0000000100000000)
  region size 1024K, 7 young (7168K), 7 survivors (7168K)
 Metaspace       used 65040K, committed 66688K, reserved 1114112K
  class space    used 8912K, committed 9728K, reserved 1048576K
}
Event: 13.877 GC heap before
{Heap before GC invocations=15 (full 0):
 garbage-first heap   total 100352K, used 86866K [0x0000000080000000, 0x0000000100000000)
  region size 1024K, 50 young (51200K), 7 survivors (7168K)
 Metaspace       used 66210K, committed 67840K, reserved 1114112K
  class space    used 9039K, committed 9856K, reserved 1048576K
}
Event: 13.886 GC heap after
{Heap after GC invocations=16 (full 0):
 garbage-first heap   total 100352K, used 47953K [0x0000000080000000, 0x0000000100000000)
  region size 1024K, 6 young (6144K), 6 survivors (6144K)
 Metaspace       used 66210K, committed 67840K, reserved 1114112K
  class space    used 9039K, committed 9856K, reserved 1048576K
}
Event: 14.149 GC heap before
{Heap before GC invocations=16 (full 0):
 garbage-first heap   total 100352K, used 86865K [0x0000000080000000, 0x0000000100000000)
  region size 1024K, 45 young (46080K), 6 survivors (6144K)
 Metaspace       used 66612K, committed 68288K, reserved 1114112K
  class space    used 9067K, committed 9920K, reserved 1048576K
}
Event: 14.155 GC heap after
{Heap after GC invocations=17 (full 0):
 garbage-first heap   total 100352K, used 49430K [0x0000000080000000, 0x0000000100000000)
  region size 1024K, 4 young (4096K), 4 survivors (4096K)
 Metaspace       used 66612K, committed 68288K, reserved 1114112K
  class space    used 9067K, committed 9920K, reserved 1048576K
}
Event: 14.324 GC heap before
{Heap before GC invocations=17 (full 0):
 garbage-first heap   total 100352K, used 88342K [0x0000000080000000, 0x0000000100000000)
  region size 1024K, 43 young (44032K), 4 survivors (4096K)
 Metaspace       used 66754K, committed 68480K, reserved 1114112K
  class space    used 9067K, committed 9920K, reserved 1048576K
}
Event: 14.328 GC heap after
{Heap after GC invocations=18 (full 0):
 garbage-first heap   total 120832K, used 50193K [0x0000000080000000, 0x0000000100000000)
  region size 1024K, 4 young (4096K), 4 survivors (4096K)
 Metaspace       used 66754K, committed 68480K, reserved 1114112K
  class space    used 9067K, committed 9920K, reserved 1048576K
}
Event: 14.547 GC heap before
{Heap before GC invocations=19 (full 0):
 garbage-first heap   total 120832K, used 105489K [0x0000000080000000, 0x0000000100000000)
  region size 1024K, 59 young (60416K), 4 survivors (4096K)
 Metaspace       used 66773K, committed 68480K, reserved 1114112K
  class space    used 9068K, committed 9920K, reserved 1048576K
}
Event: 14.551 GC heap after
{Heap after GC invocations=20 (full 0):
 garbage-first heap   total 120832K, used 51425K [0x0000000080000000, 0x0000000100000000)
  region size 1024K, 5 young (5120K), 5 survivors (5120K)
 Metaspace       used 66773K, committed 68480K, reserved 1114112K
  class space    used 9068K, committed 9920K, reserved 1048576K
}
Event: 15.666 GC heap before
{Heap before GC invocations=20 (full 0):
 garbage-first heap   total 120832K, used 119009K [0x0000000080000000, 0x0000000100000000)
  region size 1024K, 57 young (58368K), 5 survivors (5120K)
 Metaspace       used 70016K, committed 71744K, reserved 1114112K
  class space    used 9506K, committed 10368K, reserved 1048576K
}
Event: 15.675 GC heap after
{Heap after GC invocations=21 (full 0):
 garbage-first heap   total 135168K, used 73201K [0x0000000080000000, 0x0000000100000000)
  region size 1024K, 8 young (8192K), 8 survivors (8192K)
 Metaspace       used 70016K, committed 71744K, reserved 1114112K
  class space    used 9506K, committed 10368K, reserved 1048576K
}

