# JRE version: OpenJDK Runtime Environment (21.0.4) (build 21.0.4+-12508038-b607.1)
# Java VM: OpenJDK 64-Bit Server VM (21.0.4+-12508038-b607.1, mixed mode, tiered, compressed oops, compressed class ptrs, g1 gc, windows-amd64)
GC Precious Log:
 CardTable entry size: 512
 Card Set container configuration: InlinePtr #cards 5 size 8 Array Of Cards #cards 12 size 40 Howl #buckets 4 coarsen threshold 1843 Howl Bitmap #cards 512 size 80 coarsen threshold 460 Card regions per heap region 1 cards per card region 2048
 CPUs: 12 total, 12 available
 Memory: 7886M
 Large Page Support: Disabled
 NUMA Support: Disabled
 Compressed Oops: Enabled (32-bit)
 Heap Region Size: 1M
 Heap Min Capacity: 8M
 Heap Initial Capacity: 124M
 Heap Max Capacity: 2G
 Pre-touch: Disabled
 Parallel Workers: 10
 Concurrent Workers: 3
 Concurrent Refinement Workers: 10
 Periodic GC: Disabled
Heap:
 garbage-first heap   total 114688K, used 48615K [0x0000000080000000, 0x0000000100000000)
  region size 1024K, 4 young (4096K), 4 survivors (4096K)
 Metaspace       used 66579K, committed 68288K, reserved 1114112K
  class space    used 9064K, committed 9920K, reserved 1048576K
GC Heap History (20 events):
Event: 2.278 GC heap after
{Heap after GC invocations=4 (full 0):
 garbage-first heap   total 126976K, used 21654K [0x0000000080000000, 0x0000000100000000)
  region size 1024K, 7 young (7168K), 7 survivors (7168K)
 Metaspace       used 21161K, committed 21504K, reserved 1114112K
  class space    used 2440K, committed 2624K, reserved 1048576K
}
Event: 3.218 GC heap before
{Heap before GC invocations=5 (full 0):
 garbage-first heap   total 75776K, used 73878K [0x0000000080000000, 0x0000000100000000)
  region size 1024K, 59 young (60416K), 7 survivors (7168K)
 Metaspace       used 29788K, committed 30336K, reserved 1114112K
  class space    used 3812K, committed 4096K, reserved 1048576K
}
Event: 3.226 GC heap after
{Heap after GC invocations=6 (full 0):
 garbage-first heap   total 87040K, used 24621K [0x0000000080000000, 0x0000000100000000)
  region size 1024K, 6 young (6144K), 6 survivors (6144K)
 Metaspace       used 29788K, committed 30336K, reserved 1114112K
  class space    used 3812K, committed 4096K, reserved 1048576K
}
Event: 3.805 GC heap before
{Heap before GC invocations=6 (full 0):
 garbage-first heap   total 87040K, used 62509K [0x0000000080000000, 0x0000000100000000)
  region size 1024K, 44 young (45056K), 6 survivors (6144K)
 Metaspace       used 35166K, committed 35968K, reserved 1114112K
  class space    used 4707K, committed 5120K, reserved 1048576K
}
Event: 3.810 GC heap after
{Heap after GC invocations=7 (full 0):
 garbage-first heap   total 87040K, used 27326K [0x0000000080000000, 0x0000000100000000)
  region size 1024K, 6 young (6144K), 6 survivors (6144K)
 Metaspace       used 35166K, committed 35968K, reserved 1114112K
  class space    used 4707K, committed 5120K, reserved 1048576K
}
Event: 3.836 GC heap before
{Heap before GC invocations=7 (full 0):
 garbage-first heap   total 87040K, used 29374K [0x0000000080000000, 0x0000000100000000)
  region size 1024K, 9 young (9216K), 6 survivors (6144K)
 Metaspace       used 35447K, committed 36288K, reserved 1114112K
  class space    used 4754K, committed 5120K, reserved 1048576K
}
Event: 3.839 GC heap after
{Heap after GC invocations=8 (full 0):
 garbage-first heap   total 87040K, used 27182K [0x0000000080000000, 0x0000000100000000)
  region size 1024K, 3 young (3072K), 3 survivors (3072K)
 Metaspace       used 35447K, committed 36288K, reserved 1114112K
  class space    used 4754K, committed 5120K, reserved 1048576K
}
Event: 4.547 GC heap before
{Heap before GC invocations=9 (full 0):
 garbage-first heap   total 87040K, used 75310K [0x0000000080000000, 0x0000000100000000)
  region size 1024K, 50 young (51200K), 3 survivors (3072K)
 Metaspace       used 43959K, committed 45184K, reserved 1114112K
  class space    used 5893K, committed 6528K, reserved 1048576K
}
Event: 4.553 GC heap after
{Heap after GC invocations=10 (full 0):
 garbage-first heap   total 104448K, used 30919K [0x0000000080000000, 0x0000000100000000)
  region size 1024K, 7 young (7168K), 7 survivors (7168K)
 Metaspace       used 43959K, committed 45184K, reserved 1114112K
  class space    used 5893K, committed 6528K, reserved 1048576K
}
Event: 4.915 GC heap before
{Heap before GC invocations=10 (full 0):
 garbage-first heap   total 104448K, used 85191K [0x0000000080000000, 0x0000000100000000)
  region size 1024K, 61 young (62464K), 7 survivors (7168K)
 Metaspace       used 46647K, committed 47808K, reserved 1114112K
  class space    used 6219K, committed 6784K, reserved 1048576K
}
Event: 4.922 GC heap after
{Heap after GC invocations=11 (full 0):
 garbage-first heap   total 104448K, used 34372K [0x0000000080000000, 0x0000000100000000)
  region size 1024K, 8 young (8192K), 8 survivors (8192K)
 Metaspace       used 46647K, committed 47808K, reserved 1114112K
  class space    used 6219K, committed 6784K, reserved 1048576K
}
Event: 5.636 GC heap before
{Heap before GC invocations=11 (full 0):
 garbage-first heap   total 104448K, used 89668K [0x0000000080000000, 0x0000000100000000)
  region size 1024K, 61 young (62464K), 8 survivors (8192K)
 Metaspace       used 54382K, committed 55872K, reserved 1114112K
  class space    used 7324K, committed 8064K, reserved 1048576K
}
Event: 5.644 GC heap after
{Heap after GC invocations=12 (full 0):
 garbage-first heap   total 104448K, used 36940K [0x0000000080000000, 0x0000000100000000)
  region size 1024K, 6 young (6144K), 6 survivors (6144K)
 Metaspace       used 54382K, committed 55872K, reserved 1114112K
  class space    used 7324K, committed 8064K, reserved 1048576K
}
Event: 6.020 GC heap before
{Heap before GC invocations=12 (full 0):
 garbage-first heap   total 104448K, used 68684K [0x0000000080000000, 0x0000000100000000)
  region size 1024K, 38 young (38912K), 6 survivors (6144K)
 Metaspace       used 59110K, committed 60608K, reserved 1114112K
  class space    used 8005K, committed 8768K, reserved 1048576K
}
Event: 6.024 GC heap after
{Heap after GC invocations=13 (full 0):
 garbage-first heap   total 104448K, used 38018K [0x0000000080000000, 0x0000000100000000)
  region size 1024K, 5 young (5120K), 5 survivors (5120K)
 Metaspace       used 59110K, committed 60608K, reserved 1114112K
  class space    used 8005K, committed 8768K, reserved 1048576K
}
Event: 6.967 GC heap before
{Heap before GC invocations=14 (full 0):
 garbage-first heap   total 104448K, used 92290K [0x0000000080000000, 0x0000000100000000)
  region size 1024K, 58 young (59392K), 5 survivors (5120K)
 Metaspace       used 65173K, committed 66816K, reserved 1114112K
  class space    used 8920K, committed 9728K, reserved 1048576K
}
Event: 6.974 GC heap after
{Heap after GC invocations=15 (full 0):
 garbage-first heap   total 104448K, used 43819K [0x0000000080000000, 0x0000000100000000)
  region size 1024K, 7 young (7168K), 7 survivors (7168K)
 Metaspace       used 65173K, committed 66816K, reserved 1114112K
  class space    used 8920K, committed 9728K, reserved 1048576K
}
Event: 7.414 GC heap before
{Heap before GC invocations=15 (full 0):
 garbage-first heap   total 104448K, used 89899K [0x0000000080000000, 0x0000000100000000)
  region size 1024K, 53 young (54272K), 7 survivors (7168K)
 Metaspace       used 66178K, committed 67840K, reserved 1114112K
  class space    used 9036K, committed 9856K, reserved 1048576K
}
Event: 7.421 GC heap after
{Heap after GC invocations=16 (full 0):
 garbage-first heap   total 104448K, used 47341K [0x0000000080000000, 0x0000000100000000)
  region size 1024K, 6 young (6144K), 6 survivors (6144K)
 Metaspace       used 66178K, committed 67840K, reserved 1114112K
  class space    used 9036K, committed 9856K, reserved 1048576K
}
Event: 7.594 GC heap before
{Heap before GC invocations=16 (full 0):
 garbage-first heap   total 104448K, used 90349K [0x0000000080000000, 0x0000000100000000)
  region size 1024K, 49 young (50176K), 6 survivors (6144K)
 Metaspace       used 66579K, committed 68288K, reserved 1114112K
  class space    used 9064K, committed 9920K, reserved 1048576K
}

