# JRE version: OpenJDK Runtime Environment (21.0.4) (build 21.0.4+-12508038-b607.1)
# Java VM: OpenJDK 64-Bit Server VM (21.0.4+-12508038-b607.1, mixed mode, tiered, compressed oops, compressed class ptrs, g1 gc, windows-amd64)
GC Precious Log:
 CardTable entry size: 512
 Card Set container configuration: InlinePtr #cards 5 size 8 Array Of Cards #cards 12 size 40 Howl #buckets 4 coarsen threshold 1843 Howl Bitmap #cards 512 size 80 coarsen threshold 460 Card regions per heap region 1 cards per card region 2048
 CPUs: 12 total, 12 available
 Memory: 7886M
 Large Page Support: Disabled
 NUMA Support: Disabled
 Compressed Oops: Enabled (32-bit)
 Heap Region Size: 1M
 Heap Min Capacity: 8M
 Heap Initial Capacity: 124M
 Heap Max Capacity: 2G
 Pre-touch: Disabled
 Parallel Workers: 10
 Concurrent Workers: 3
 Concurrent Refinement Workers: 10
 Periodic GC: Disabled
Heap:
 garbage-first heap   total 163840K, used 135973K [0x0000000080000000, 0x0000000100000000)
  region size 1024K, 42 young (43008K), 3 survivors (3072K)
 Metaspace       used 99794K, committed 101888K, reserved 1179648K
  class space    used 13487K, committed 14528K, reserved 1048576K
GC Heap History (20 events):
Event: 15.623 GC heap before
{Heap before GC invocations=23 (full 0):
 garbage-first heap   total 128000K, used 99264K [0x0000000080000000, 0x0000000100000000)
  region size 1024K, 29 young (29696K), 2 survivors (2048K)
 Metaspace       used 69698K, committed 71424K, reserved 1114112K
  class space    used 9445K, committed 10304K, reserved 1048576K
}
Event: 15.626 GC heap after
{Heap after GC invocations=24 (full 0):
 garbage-first heap   total 128000K, used 73842K [0x0000000080000000, 0x0000000100000000)
  region size 1024K, 4 young (4096K), 4 survivors (4096K)
 Metaspace       used 69698K, committed 71424K, reserved 1114112K
  class space    used 9445K, committed 10304K, reserved 1048576K
}
Event: 16.249 GC heap before
{Heap before GC invocations=24 (full 0):
 garbage-first heap   total 128000K, used 100466K [0x0000000080000000, 0x0000000100000000)
  region size 1024K, 31 young (31744K), 4 survivors (4096K)
 Metaspace       used 72461K, committed 74240K, reserved 1114112K
  class space    used 9742K, committed 10624K, reserved 1048576K
}
Event: 16.253 GC heap after
{Heap after GC invocations=25 (full 0):
 garbage-first heap   total 128000K, used 73362K [0x0000000080000000, 0x0000000100000000)
  region size 1024K, 3 young (3072K), 3 survivors (3072K)
 Metaspace       used 72461K, committed 74240K, reserved 1114112K
  class space    used 9742K, committed 10624K, reserved 1048576K
}
Event: 17.072 GC heap before
{Heap before GC invocations=25 (full 0):
 garbage-first heap   total 128000K, used 103058K [0x0000000080000000, 0x0000000100000000)
  region size 1024K, 33 young (33792K), 3 survivors (3072K)
 Metaspace       used 75864K, committed 77632K, reserved 1179648K
  class space    used 10090K, committed 11008K, reserved 1048576K
}
Event: 17.075 GC heap after
{Heap after GC invocations=26 (full 0):
 garbage-first heap   total 128000K, used 74362K [0x0000000080000000, 0x0000000100000000)
  region size 1024K, 4 young (4096K), 4 survivors (4096K)
 Metaspace       used 75864K, committed 77632K, reserved 1179648K
  class space    used 10090K, committed 11008K, reserved 1048576K
}
Event: 17.627 GC heap before
{Heap before GC invocations=27 (full 0):
 garbage-first heap   total 128000K, used 110202K [0x0000000080000000, 0x0000000100000000)
  region size 1024K, 36 young (36864K), 4 survivors (4096K)
 Metaspace       used 79031K, committed 80832K, reserved 1179648K
  class space    used 10568K, committed 11456K, reserved 1048576K
}
Event: 17.634 GC heap after
{Heap after GC invocations=28 (full 0):
 garbage-first heap   total 128000K, used 84161K [0x0000000080000000, 0x0000000100000000)
  region size 1024K, 5 young (5120K), 5 survivors (5120K)
 Metaspace       used 79031K, committed 80832K, reserved 1179648K
  class space    used 10568K, committed 11456K, reserved 1048576K
}
Event: 18.085 GC heap before
{Heap before GC invocations=28 (full 0):
 garbage-first heap   total 128000K, used 111809K [0x0000000080000000, 0x0000000100000000)
  region size 1024K, 31 young (31744K), 5 survivors (5120K)
 Metaspace       used 80976K, committed 82880K, reserved 1179648K
  class space    used 10828K, committed 11776K, reserved 1048576K
}
Event: 18.091 GC heap after
{Heap after GC invocations=29 (full 0):
 garbage-first heap   total 153600K, used 82862K [0x0000000080000000, 0x0000000100000000)
  region size 1024K, 2 young (2048K), 2 survivors (2048K)
 Metaspace       used 80976K, committed 82880K, reserved 1179648K
  class space    used 10828K, committed 11776K, reserved 1048576K
}
Event: 19.120 GC heap before
{Heap before GC invocations=29 (full 0):
 garbage-first heap   total 153600K, used 127918K [0x0000000080000000, 0x0000000100000000)
  region size 1024K, 46 young (47104K), 2 survivors (2048K)
 Metaspace       used 85332K, committed 87232K, reserved 1179648K
  class space    used 11388K, committed 12352K, reserved 1048576K
}
Event: 19.124 GC heap after
{Heap after GC invocations=30 (full 0):
 garbage-first heap   total 153600K, used 85163K [0x0000000080000000, 0x0000000100000000)
  region size 1024K, 5 young (5120K), 5 survivors (5120K)
 Metaspace       used 85332K, committed 87232K, reserved 1179648K
  class space    used 11388K, committed 12352K, reserved 1048576K
}
Event: 19.849 GC heap before
{Heap before GC invocations=31 (full 0):
 garbage-first heap   total 153600K, used 134315K [0x0000000080000000, 0x0000000100000000)
  region size 1024K, 50 young (51200K), 5 survivors (5120K)
 Metaspace       used 89140K, committed 91008K, reserved 1179648K
  class space    used 11870K, committed 12864K, reserved 1048576K
}
Event: 19.854 GC heap after
{Heap after GC invocations=32 (full 0):
 garbage-first heap   total 153600K, used 91205K [0x0000000080000000, 0x0000000100000000)
  region size 1024K, 6 young (6144K), 6 survivors (6144K)
 Metaspace       used 89140K, committed 91008K, reserved 1179648K
  class space    used 11870K, committed 12864K, reserved 1048576K
}
Event: 20.764 GC heap before
{Heap before GC invocations=32 (full 0):
 garbage-first heap   total 153600K, used 135237K [0x0000000080000000, 0x0000000100000000)
  region size 1024K, 49 young (50176K), 6 survivors (6144K)
 Metaspace       used 90351K, committed 92288K, reserved 1179648K
  class space    used 12024K, committed 12992K, reserved 1048576K
}
Event: 20.772 GC heap after
{Heap after GC invocations=33 (full 0):
 garbage-first heap   total 153600K, used 94142K [0x0000000080000000, 0x0000000100000000)
  region size 1024K, 7 young (7168K), 7 survivors (7168K)
 Metaspace       used 90351K, committed 92288K, reserved 1179648K
  class space    used 12024K, committed 12992K, reserved 1048576K
}
Event: 22.083 GC heap before
{Heap before GC invocations=33 (full 0):
 garbage-first heap   total 153600K, used 133054K [0x0000000080000000, 0x0000000100000000)
  region size 1024K, 46 young (47104K), 7 survivors (7168K)
 Metaspace       used 93557K, committed 95552K, reserved 1179648K
  class space    used 12457K, committed 13440K, reserved 1048576K
}
Event: 22.089 GC heap after
{Heap after GC invocations=34 (full 0):
 garbage-first heap   total 153600K, used 96381K [0x0000000080000000, 0x0000000100000000)
  region size 1024K, 3 young (3072K), 3 survivors (3072K)
 Metaspace       used 93557K, committed 95552K, reserved 1179648K
  class space    used 12457K, committed 13440K, reserved 1048576K
}
Event: 24.004 GC heap before
{Heap before GC invocations=35 (full 0):
 garbage-first heap   total 163840K, used 139389K [0x0000000080000000, 0x0000000100000000)
  region size 1024K, 44 young (45056K), 3 survivors (3072K)
 Metaspace       used 96856K, committed 98816K, reserved 1179648K
  class space    used 13061K, committed 14080K, reserved 1048576K
}
Event: 24.007 GC heap after
{Heap after GC invocations=36 (full 0):
 garbage-first heap   total 163840K, used 97061K [0x0000000080000000, 0x0000000100000000)
  region size 1024K, 3 young (3072K), 3 survivors (3072K)
 Metaspace       used 96856K, committed 98816K, reserved 1179648K
  class space    used 13061K, committed 14080K, reserved 1048576K
}

